\BOOKMARK [1][-]{Section.0.Introduction.1}{\376\377\000I\000n\000t\000r\000o\000d\000u\000c\000t\000i\000o\000n}{}% 1
\BOOKMARK [1][-]{Section.1.The SDA-related packages and the ggESDA package design.1}{\376\377\000T\000h\000e\000\040\000S\000D\000A\000-\000r\000e\000l\000a\000t\000e\000d\000\040\000p\000a\000c\000k\000a\000g\000e\000s\000\040\000a\000n\000d\000\040\000t\000h\000e\000\040\000g\000g\000E\000S\000D\000A\000\040\000p\000a\000c\000k\000a\000g\000e\000\040\000d\000e\000s\000i\000g\000n}{}% 2
\BOOKMARK [2][-]{Subsection.2.0.The SDA-related Packages.2}{\376\377\000T\000h\000e\000\040\000S\000D\000A\000-\000r\000e\000l\000a\000t\000e\000d\000\040\000P\000a\000c\000k\000a\000g\000e\000s}{Section.1.The SDA-related packages and the ggESDA package design.1}% 3
\BOOKMARK [2][-]{Subsection.2.1.The ggESDA package designs.2}{\376\377\000T\000h\000e\000\040\000g\000g\000E\000S\000D\000A\000\040\000p\000a\000c\000k\000a\000g\000e\000\040\000d\000e\000s\000i\000g\000n\000s}{Section.1.The SDA-related packages and the ggESDA package design.1}% 4
\BOOKMARK [3][-]{Subsubsection.2.2.0.Descriptive statistics.3}{\376\377\000D\000e\000s\000c\000r\000i\000p\000t\000i\000v\000e\000\040\000s\000t\000a\000t\000i\000s\000t\000i\000c\000s}{Subsection.2.1.The ggESDA package designs.2}% 5
\BOOKMARK [3][-]{Subsubsection.2.2.1.Graphics design.3}{\376\377\000G\000r\000a\000p\000h\000i\000c\000s\000\040\000d\000e\000s\000i\000g\000n}{Subsection.2.1.The ggESDA package designs.2}% 6
\BOOKMARK [3][-]{Subsubsection.2.2.2.Built-in datasets and object class.3}{\376\377\000B\000u\000i\000l\000t\000-\000i\000n\000\040\000d\000a\000t\000a\000s\000e\000t\000s\000\040\000a\000n\000d\000\040\000o\000b\000j\000e\000c\000t\000\040\000c\000l\000a\000s\000s}{Subsection.2.1.The ggESDA package designs.2}% 7
\BOOKMARK [1][-]{Section.2.Descriptive statistics for interval-valued data.1}{\376\377\000D\000e\000s\000c\000r\000i\000p\000t\000i\000v\000e\000\040\000s\000t\000a\000t\000i\000s\000t\000i\000c\000s\000\040\000f\000o\000r\000\040\000i\000n\000t\000e\000r\000v\000a\000l\000-\000v\000a\000l\000u\000e\000d\000\040\000d\000a\000t\000a}{}% 8
\BOOKMARK [2][-]{Subsection.3.0.Descriptive univariate statistics.2}{\376\377\000D\000e\000s\000c\000r\000i\000p\000t\000i\000v\000e\000\040\000u\000n\000i\000v\000a\000r\000i\000a\000t\000e\000\040\000s\000t\000a\000t\000i\000s\000t\000i\000c\000s}{Section.2.Descriptive statistics for interval-valued data.1}% 9
\BOOKMARK [3][-]{Subsubsection.3.1.0.Quantification approaches.3}{\376\377\000Q\000u\000a\000n\000t\000i\000f\000i\000c\000a\000t\000i\000o\000n\000\040\000a\000p\000p\000r\000o\000a\000c\000h\000e\000s}{Subsection.3.0.Descriptive univariate statistics.2}% 10
\BOOKMARK [3][-]{Subsubsection.3.1.1.Distributional approaches.3}{\376\377\000D\000i\000s\000t\000r\000i\000b\000u\000t\000i\000o\000n\000a\000l\000\040\000a\000p\000p\000r\000o\000a\000c\000h\000e\000s}{Subsection.3.0.Descriptive univariate statistics.2}% 11
\BOOKMARK [3][-]{Subsubsection.3.1.2.Frequency distribution tables.3}{\376\377\000F\000r\000e\000q\000u\000e\000n\000c\000y\000\040\000d\000i\000s\000t\000r\000i\000b\000u\000t\000i\000o\000n\000\040\000t\000a\000b\000l\000e\000s}{Subsection.3.0.Descriptive univariate statistics.2}% 12
\BOOKMARK [3][-]{Subsubsection.3.1.3.Standardization of interval-valued data.3}{\376\377\000S\000t\000a\000n\000d\000a\000r\000d\000i\000z\000a\000t\000i\000o\000n\000\040\000o\000f\000\040\000i\000n\000t\000e\000r\000v\000a\000l\000-\000v\000a\000l\000u\000e\000d\000\040\000d\000a\000t\000a}{Subsection.3.0.Descriptive univariate statistics.2}% 13
\BOOKMARK [3][-]{Subsubsection.3.1.4.An example.3}{\376\377\000A\000n\000\040\000e\000x\000a\000m\000p\000l\000e}{Subsection.3.0.Descriptive univariate statistics.2}% 14
\BOOKMARK [2][-]{Subsection.3.1.Descriptive bivariate statistics.2}{\376\377\000D\000e\000s\000c\000r\000i\000p\000t\000i\000v\000e\000\040\000b\000i\000v\000a\000r\000i\000a\000t\000e\000\040\000s\000t\000a\000t\000i\000s\000t\000i\000c\000s}{Section.2.Descriptive statistics for interval-valued data.1}% 15
\BOOKMARK [3][-]{Subsubsection.3.2.0.The empirical joint density method (EJD).3}{\376\377\000T\000h\000e\000\040\000e\000m\000p\000i\000r\000i\000c\000a\000l\000\040\000j\000o\000i\000n\000t\000\040\000d\000e\000n\000s\000i\000t\000y\000\040\000m\000e\000t\000h\000o\000d\000\040\000\050\000E\000J\000D\000\051}{Subsection.3.1.Descriptive bivariate statistics.2}% 16
\BOOKMARK [3][-]{Subsubsection.3.2.1.The symbolic covariance method (GQ).3}{\376\377\000T\000h\000e\000\040\000s\000y\000m\000b\000o\000l\000i\000c\000\040\000c\000o\000v\000a\000r\000i\000a\000n\000c\000e\000\040\000m\000e\000t\000h\000o\000d\000\040\000\050\000G\000Q\000\051}{Subsection.3.1.Descriptive bivariate statistics.2}% 17
\BOOKMARK [3][-]{Subsubsection.3.2.2.The total sum of products (SPT).3}{\376\377\000T\000h\000e\000\040\000t\000o\000t\000a\000l\000\040\000s\000u\000m\000\040\000o\000f\000\040\000p\000r\000o\000d\000u\000c\000t\000s\000\040\000\050\000S\000P\000T\000\051}{Subsection.3.1.Descriptive bivariate statistics.2}% 18
\BOOKMARK [3][-]{Subsubsection.3.2.3.Two-dimensional histogram.3}{\376\377\000T\000w\000o\000-\000d\000i\000m\000e\000n\000s\000i\000o\000n\000a\000l\000\040\000h\000i\000s\000t\000o\000g\000r\000a\000m}{Subsection.3.1.Descriptive bivariate statistics.2}% 19
\BOOKMARK [3][-]{Subsubsection.3.2.4.An example.3}{\376\377\000A\000n\000\040\000e\000x\000a\000m\000p\000l\000e}{Subsection.3.1.Descriptive bivariate statistics.2}% 20
\BOOKMARK [1][-]{Section.3.Graphics for interval-valued symbolic data.1}{\376\377\000G\000r\000a\000p\000h\000i\000c\000s\000\040\000f\000o\000r\000\040\000i\000n\000t\000e\000r\000v\000a\000l\000-\000v\000a\000l\000u\000e\000d\000\040\000s\000y\000m\000b\000o\000l\000i\000c\000\040\000d\000a\000t\000a}{}% 21
\BOOKMARK [2][-]{Subsection.4.0.Univariate plots.2}{\376\377\000U\000n\000i\000v\000a\000r\000i\000a\000t\000e\000\040\000p\000l\000o\000t\000s}{Section.3.Graphics for interval-valued symbolic data.1}% 22
\BOOKMARK [2][-]{Subsection.4.1.Bivariate plots.2}{\376\377\000B\000i\000v\000a\000r\000i\000a\000t\000e\000\040\000p\000l\000o\000t\000s}{Section.3.Graphics for interval-valued symbolic data.1}% 23
\BOOKMARK [2][-]{Subsection.4.2.Multivariate plots.2}{\376\377\000M\000u\000l\000t\000i\000v\000a\000r\000i\000a\000t\000e\000\040\000p\000l\000o\000t\000s}{Section.3.Graphics for interval-valued symbolic data.1}% 24
\BOOKMARK [1][-]{Section.4.Visualizing intervals in 2D Principal Component space.1}{\376\377\000V\000i\000s\000u\000a\000l\000i\000z\000i\000n\000g\000\040\000i\000n\000t\000e\000r\000v\000a\000l\000s\000\040\000i\000n\000\040\0002\000D\000\040\000P\000r\000i\000n\000c\000i\000p\000a\000l\000\040\000C\000o\000m\000p\000o\000n\000e\000n\000t\000\040\000s\000p\000a\000c\000e}{}% 25
\BOOKMARK [2][-]{Subsection.5.0.The maximum covering area rectangle (MCAR).2}{\376\377\000T\000h\000e\000\040\000m\000a\000x\000i\000m\000u\000m\000\040\000c\000o\000v\000e\000r\000i\000n\000g\000\040\000a\000r\000e\000a\000\040\000r\000e\000c\000t\000a\000n\000g\000l\000e\000\040\000\050\000M\000C\000A\000R\000\051}{Section.4.Visualizing intervals in 2D Principal Component space.1}% 26
\BOOKMARK [2][-]{Subsection.5.1.The polytopes representation.2}{\376\377\000T\000h\000e\000\040\000p\000o\000l\000y\000t\000o\000p\000e\000s\000\040\000r\000e\000p\000r\000e\000s\000e\000n\000t\000a\000t\000i\000o\000n}{Section.4.Visualizing intervals in 2D Principal Component space.1}% 27
\BOOKMARK [1][-]{Section.5.Other functions.1}{\376\377\000O\000t\000h\000e\000r\000\040\000f\000u\000n\000c\000t\000i\000o\000n\000s}{}% 28
\BOOKMARK [2][-]{Subsection.6.0.Generic functions.2}{\376\377\000G\000e\000n\000e\000r\000i\000c\000\040\000f\000u\000n\000c\000t\000i\000o\000n\000s}{Section.5.Other functions.1}% 29
\BOOKMARK [2][-]{Subsection.6.1.Customized plots and graphical parameters.2}{\376\377\000C\000u\000s\000t\000o\000m\000i\000z\000e\000d\000\040\000p\000l\000o\000t\000s\000\040\000a\000n\000d\000\040\000g\000r\000a\000p\000h\000i\000c\000a\000l\000\040\000p\000a\000r\000a\000m\000e\000t\000e\000r\000s}{Section.5.Other functions.1}% 30
\BOOKMARK [2][-]{Subsection.6.2.Generalization with prominent SDA packages.2}{\376\377\000G\000e\000n\000e\000r\000a\000l\000i\000z\000a\000t\000i\000o\000n\000\040\000w\000i\000t\000h\000\040\000p\000r\000o\000m\000i\000n\000e\000n\000t\000\040\000S\000D\000A\000\040\000p\000a\000c\000k\000a\000g\000e\000s}{Section.5.Other functions.1}% 31
\BOOKMARK [3][-]{Subsubsection.6.3.0.General Principle.3}{\376\377\000G\000e\000n\000e\000r\000a\000l\000\040\000P\000r\000i\000n\000c\000i\000p\000l\000e}{Subsection.6.2.Generalization with prominent SDA packages.2}% 32
\BOOKMARK [3][-]{Subsubsection.6.3.1.HistDAWass.3}{\376\377\000H\000i\000s\000t\000D\000A\000W\000a\000s\000s}{Subsection.6.2.Generalization with prominent SDA packages.2}% 33
\BOOKMARK [3][-]{Subsubsection.6.3.2.MAINT.Data.3}{\376\377\000M\000A\000I\000N\000T\000.\000D\000a\000t\000a}{Subsection.6.2.Generalization with prominent SDA packages.2}% 34
\BOOKMARK [2][-]{Subsection.6.3.Aggregate conventional data table to interval-valued data table.2}{\376\377\000A\000g\000g\000r\000e\000g\000a\000t\000e\000\040\000c\000o\000n\000v\000e\000n\000t\000i\000o\000n\000a\000l\000\040\000d\000a\000t\000a\000\040\000t\000a\000b\000l\000e\000\040\000t\000o\000\040\000i\000n\000t\000e\000r\000v\000a\000l\000-\000v\000a\000l\000u\000e\000d\000\040\000d\000a\000t\000a\000\040\000t\000a\000b\000l\000e}{Section.5.Other functions.1}% 35
\BOOKMARK [3][-]{Subsubsection.6.4.0.K-means.3}{\376\377\000K\000-\000m\000e\000a\000n\000s}{Subsection.6.3.Aggregate conventional data table to interval-valued data table.2}% 36
\BOOKMARK [3][-]{Subsubsection.6.4.1.Hierarchical clustering.3}{\376\377\000H\000i\000e\000r\000a\000r\000c\000h\000i\000c\000a\000l\000\040\000c\000l\000u\000s\000t\000e\000r\000i\000n\000g}{Subsection.6.3.Aggregate conventional data table to interval-valued data table.2}% 37
\BOOKMARK [3][-]{Subsubsection.6.4.2.Variables aggregation.3}{\376\377\000V\000a\000r\000i\000a\000b\000l\000e\000s\000\040\000a\000g\000g\000r\000e\000g\000a\000t\000i\000o\000n}{Subsection.6.3.Aggregate conventional data table to interval-valued data table.2}% 38
\BOOKMARK [3][-]{Subsubsection.6.4.3.User-defined aggregation.3}{\376\377\000U\000s\000e\000r\000-\000d\000e\000f\000i\000n\000e\000d\000\040\000a\000g\000g\000r\000e\000g\000a\000t\000i\000o\000n}{Subsection.6.3.Aggregate conventional data table to interval-valued data table.2}% 39
\BOOKMARK [1][-]{Section.6.Conclusion and future development.1}{\376\377\000C\000o\000n\000c\000l\000u\000s\000i\000o\000n\000\040\000a\000n\000d\000\040\000f\000u\000t\000u\000r\000e\000\040\000d\000e\000v\000e\000l\000o\000p\000m\000e\000n\000t}{}% 40
\BOOKMARK [1][-]{Section..Figures.1}{\376\377\000F\000i\000g\000u\000r\000e\000s}{}% 41
